
=== Fri Mar 15 22:52:46 2019

Packages were changed.
Update Mode: updateDependencies

The following packages were added:
  com.unity.collab-proxy@1.2.15
The following packages were updated:
  com.unity.analytics from version 2.0.16 to 3.2.2
  com.unity.package-manager-ui from version 1.9.11 to 2.0.3
  com.unity.textmeshpro from version 1.2.4 to 1.3.0

=== Fri Mar 22 21:50:41 2019

Packages were changed.
Update Mode: updateDependencies

The following packages were updated:
  com.unity.package-manager-ui from version 2.0.3 to 2.0.7

=== Sun Jun 26 13:59:13 2022

Packages were changed.
Update Mode: updateDependencies

The following packages were added:
  com.unity.2d.sprite@1.0.0
  com.unity.2d.tilemap@1.0.0
  com.unity.ide.rider@3.0.14
  com.unity.ide.visualstudio@2.0.15
  com.unity.ide.vscode@1.2.5
  com.unity.modules.androidjni@1.0.0
  com.unity.test-framework@1.1.31
  com.unity.timeline@1.7.1
  com.unity.ugui@1.0.0
  com.unity.xr.legacyinputhelpers@2.1.9
The following packages were updated:
  com.unity.ads from version 2.0.8 to 4.1.0
  com.unity.analytics from version 3.2.2 to 3.7.1
  com.unity.collab-proxy from version 1.2.15 to 1.15.18
  com.unity.purchasing from version 2.0.3 to 4.1.5
  com.unity.textmeshpro from version 1.3.0 to 3.0.6
The following packages were removed:
  com.unity.package-manager-ui@2.0.7

=== Sun Dec  8 15:52:09 2024

Packages were changed.
Update Mode: updateDependencies

The following packages were added:
  com.unity.ai.navigation@2.0.5
  com.unity.modules.accessibility@1.0.0
  com.unity.multiplayer.center@1.0.0
The following packages were updated:
  com.unity.ads from version 4.1.0 to 4.4.2
  com.unity.analytics from version 3.7.1 to 3.8.1
  com.unity.collab-proxy from version 1.15.18 to 2.5.2
  com.unity.ide.rider from version 3.0.14 to 3.0.31
  com.unity.ide.visualstudio from version 2.0.15 to 2.0.22
  com.unity.purchasing from version 4.1.5 to 4.12.2
  com.unity.test-framework from version 1.1.31 to 1.4.5
  com.unity.timeline from version 1.7.1 to 1.8.7
  com.unity.ugui from version 1.0.0 to 2.0.0
  com.unity.xr.legacyinputhelpers from version 2.1.9 to 2.1.11
The following packages were removed:
  com.unity.textmeshpro@3.0.6
